<?xml version="1.0" encoding="UTF-8"?>
<!-- Generated by org.testng.reporters.JUnitReportReporter -->
<testsuite hostname="DESKTOP-IF7542D" failures="0" tests="1" name="cucumber.TestNGTestRunner" time="9.473" errors="0" timestamp="2024-02-01T01:21:06 IST" skipped="0">
  <testcase classname="cucumber.TestNGTestRunner" name="runScenario" time="9.473"/>
</testsuite> <!-- cucumber.TestNGTestRunner -->
