<?xml version="1.0" encoding="UTF-8"?>
<!-- Generated by org.testng.reporters.JUnitReportReporter -->
<testsuite hostname="DESKTOP-IF7542D" failures="0" tests="1" name="rahulshettyacademy.tests.ErrorValidations" time="10.430" errors="0" timestamp="2024-01-10T01:47:42 IST" skipped="0">
  <testcase classname="rahulshettyacademy.tests.ErrorValidations" name="enterInvalidEmail" time="10.430"/>
</testsuite> <!-- rahulshettyacademy.tests.ErrorValidations -->
