<?xml version="1.0" encoding="UTF-8"?>
<!-- Generated by org.testng.reporters.JUnitReportReporter -->
<testsuite hostname="DESKTOP-IF7542D" failures="0" tests="3" name="rahulshettyacademy.tests.SubmitOrderE2ETest" time="39.786" errors="0" timestamp="2024-01-18T01:44:00 IST" skipped="0">
  <testcase classname="rahulshettyacademy.tests.SubmitOrderE2ETest" name="SubmitOrder" time="13.922"/>
  <testcase classname="rahulshettyacademy.tests.SubmitOrderE2ETest" name="OrderHistoryTest" time="14.079"/>
  <testcase classname="rahulshettyacademy.tests.SubmitOrderE2ETest" name="SubmitOrder" time="11.785"/>
</testsuite> <!-- rahulshettyacademy.tests.SubmitOrderE2ETest -->
