<?xml version="1.0" encoding="UTF-8"?>
<!-- Generated by org.testng.reporters.JUnitReportReporter -->
<testsuite hostname="DESKTOP-IF7542D" failures="0" tests="3" name="rahulshettyacademy.tests.SubmitOrderE2ETest" time="47.191" errors="0" timestamp="2024-01-20T00:41:52 IST" skipped="0">
  <testcase classname="rahulshettyacademy.tests.SubmitOrderE2ETest" name="SubmitOrder" time="11.779"/>
  <testcase classname="rahulshettyacademy.tests.SubmitOrderE2ETest" name="SubmitOrder" time="10.590"/>
  <testcase classname="rahulshettyacademy.tests.SubmitOrderE2ETest" name="OrderHistoryTest" time="24.822"/>
</testsuite> <!-- rahulshettyacademy.tests.SubmitOrderE2ETest -->
